## ComfyUI-Manager: installing dependencies done.
[2024-09-23 17:35] ** ComfyUI startup time: 2024-09-23 17:35:31.568172
[2024-09-23 17:35] ** Platform: Linux
[2024-09-23 17:35] ** Python version: 3.10.0 (default, Mar  3 2022, 09:58:08) [GCC 7.5.0]
[2024-09-23 17:35] ** Python executable: /home/furkan/anaconda3/envs/comfy_dif/bin/python
[2024-09-23 17:35] ** ComfyUI Path: /home/furkan/Desktop/style_transfer/ComfyUI
[2024-09-23 17:35] ** Log path: /home/furkan/Desktop/style_transfer/ComfyUI/comfyui.log
[2024-09-23 17:35] 
Prestartup times for custom nodes:
[2024-09-23 17:35]    0.6 seconds: /home/furkan/Desktop/style_transfer/ComfyUI/custom_nodes/ComfyUI-Manager
[2024-09-23 17:35] 
Total VRAM 24260 MB, total RAM 68338 MB
[2024-09-23 17:35] pytorch version: 2.4.1+cu121
[2024-09-23 17:35] Set vram state to: NORMAL_VRAM
[2024-09-23 17:35] Device: cuda:0 NVIDIA GeForce RTX 3090 : cudaMallocAsync
[2024-09-23 17:35] Using pytorch cross attention
[2024-09-23 17:35] [Prompt Server] web root: /home/furkan/Desktop/style_transfer/ComfyUI/web
[2024-09-23 17:35] /home/furkan/anaconda3/envs/comfy_dif/lib/python3.10/site-packages/kornia/feature/lightglue.py:44: FutureWarning: `torch.cuda.amp.custom_fwd(args...)` is deprecated. Please use `torch.amp.custom_fwd(args..., device_type='cuda')` instead.
  @torch.cuda.amp.custom_fwd(cast_inputs=torch.float32)
[2024-09-23 17:35] ### Loading: ComfyUI-Manager (V2.51)
[2024-09-23 17:35] ### ComfyUI Revision: 2704 [de8e8e3b] | Released on '2024-09-19'
[2024-09-23 17:35] [36;20m[comfyui_controlnet_aux] | INFO -> Using ckpts path: /home/furkan/Desktop/style_transfer/ComfyUI/custom_nodes/comfyui_controlnet_aux/ckpts[0m
[2024-09-23 17:35] [36;20m[comfyui_controlnet_aux] | INFO -> Using symlinks: False[0m
[2024-09-23 17:35] [36;20m[comfyui_controlnet_aux] | INFO -> Using ort providers: ['CUDAExecutionProvider', 'DirectMLExecutionProvider', 'OpenVINOExecutionProvider', 'ROCMExecutionProvider', 'CPUExecutionProvider', 'CoreMLExecutionProvider'][0m
[2024-09-23 17:35] [ComfyUI-Manager] default cache updated: https://raw.githubusercontent.com/ltdrdata/ComfyUI-Manager/main/model-list.json
[2024-09-23 17:35] [ComfyUI-Manager] default cache updated: https://raw.githubusercontent.com/ltdrdata/ComfyUI-Manager/main/alter-list.json
[2024-09-23 17:35] [ComfyUI-Manager] default cache updated: https://raw.githubusercontent.com/ltdrdata/ComfyUI-Manager/main/github-stats.json
[2024-09-23 17:35] [ComfyUI-Manager] default cache updated: https://raw.githubusercontent.com/ltdrdata/ComfyUI-Manager/main/custom-node-list.json
[2024-09-23 17:35] [ComfyUI-Manager] default cache updated: https://raw.githubusercontent.com/ltdrdata/ComfyUI-Manager/main/extension-node-map.json
[2024-09-23 17:35] /home/furkan/Desktop/style_transfer/ComfyUI/custom_nodes/comfyui_controlnet_aux/node_wrappers/dwpose.py:26: UserWarning: DWPose: Onnxruntime not found or doesn't come with acceleration providers, switch to OpenCV with CPU device. DWPose might run very slowly
  warnings.warn("DWPose: Onnxruntime not found or doesn't come with acceleration providers, switch to OpenCV with CPU device. DWPose might run very slowly")
[2024-09-23 17:35] 
Import times for custom nodes:
[2024-09-23 17:35]    0.0 seconds: /home/furkan/Desktop/style_transfer/ComfyUI/custom_nodes/im_processor.py
[2024-09-23 17:35]    0.0 seconds: /home/furkan/Desktop/style_transfer/ComfyUI/custom_nodes/websocket_image_save.py
[2024-09-23 17:35]    0.0 seconds: /home/furkan/Desktop/style_transfer/ComfyUI/custom_nodes/im_processor
[2024-09-23 17:35]    0.0 seconds: /home/furkan/Desktop/style_transfer/ComfyUI/custom_nodes/ComfyUI_IPAdapter_plus
[2024-09-23 17:35]    0.0 seconds: /home/furkan/Desktop/style_transfer/ComfyUI/custom_nodes/ComfyUI-Manager
[2024-09-23 17:35]    0.4 seconds: /home/furkan/Desktop/style_transfer/ComfyUI/custom_nodes/comfyui_controlnet_aux
[2024-09-23 17:35] 
[2024-09-23 17:35] Starting server

[2024-09-23 17:35] To see the GUI go to: http://127.0.0.1:8188
[2024-09-23 17:35] FETCH DATA from: /home/furkan/Desktop/style_transfer/ComfyUI/custom_nodes/ComfyUI-Manager/extension-node-map.json [DONE]
[2024-09-23 17:36] got prompt
[2024-09-23 17:36] model weight dtype torch.float16, manual cast: None
[2024-09-23 17:36] model_type EPS
[2024-09-23 17:36] Using pytorch attention in VAE
[2024-09-23 17:36] Using pytorch attention in VAE
[2024-09-23 17:36] /home/furkan/anaconda3/envs/comfy_dif/lib/python3.10/site-packages/transformers/tokenization_utils_base.py:1601: FutureWarning: `clean_up_tokenization_spaces` was not set. It will be set to `True` by default. This behavior will be depracted in transformers v4.45, and will be then set to `False` by default. For more details check this issue: https://github.com/huggingface/transformers/issues/31884
  warnings.warn(
[2024-09-23 17:36] warning, embedding:EasyNegativeV2, does not exist, ignoring
[2024-09-23 17:36] warning, embedding:EasyNegativeV2, does not exist, ignoring
[2024-09-23 17:36] Requested to load SDXLClipModel
[2024-09-23 17:36] Loading 1 new model
[2024-09-23 17:36] loaded completely 0.0 1560.802734375 True
[2024-09-23 17:36] [33mINFO: Clip Vision model loaded from /home/furkan/Desktop/style_transfer/ComfyUI/models/clip_vision/CLIP-ViT-H-14-laion2B-s32B.b79K.safetensors[0m
[2024-09-23 17:36] [33mINFO: IPAdapter model loaded from /home/furkan/Desktop/style_transfer/ComfyUI/models/ipadapter/ip-adapter_sdxl_vit-h.safetensors[0m
[2024-09-23 17:36] [33mINFO: the IPAdapter reference image is not a square, CLIPImageProcessor will resize and crop it at the center. If the main focus of the picture is not in the middle the result might not be what you are expecting.[0m
[2024-09-23 17:36] Requested to load CLIPVisionModelProjection
[2024-09-23 17:36] Loading 1 new model
[2024-09-23 17:36] loaded completely 0.0 1208.09814453125 True
[2024-09-23 17:36] got prompt
[2024-09-23 17:36] Requested to load ControlNet
[2024-09-23 17:36] Requested to load SDXL
[2024-09-23 17:36] Loading 2 new models
[2024-09-23 17:36] loaded completely 0.0 2386.120147705078 True
[2024-09-23 17:36] loaded completely 0.0 4897.0483474731445 True
[2024-09-23 17:36] /home/furkan/anaconda3/envs/comfy_dif/lib/python3.10/site-packages/torchsde/_brownian/brownian_interval.py:608: UserWarning: Should have tb<=t1 but got tb=14.614643096923828 and t1=14.614643.
  warnings.warn(f"Should have {tb_name}<=t1 but got {tb_name}={tb} and t1={self._end}.")
[2024-09-23 17:36] 100%|███████████████████████████████████████████████████████████████████████████████████████████████████████████████████████████████████████████████████████| 25/25 [00:12<00:00,  2.30it/s]100%|███████████████████████████████████████████████████████████████████████████████████████████████████████████████████████████████████████████████████████| 25/25 [00:12<00:00,  1.93it/s]
[2024-09-23 17:36] Requested to load AutoencoderKL
[2024-09-23 17:36] Loading 1 new model
[2024-09-23 17:36] loaded completely 0.0 159.55708122253418 True
[2024-09-23 17:36] Prompt executed in 21.73 seconds
[2024-09-23 17:36] 100%|███████████████████████████████████████████████████████████████████████████████████████████████████████████████████████████████████████████████████████| 25/25 [00:14<00:00,  2.04it/s]100%|███████████████████████████████████████████████████████████████████████████████████████████████████████████████████████████████████████████████████████| 25/25 [00:14<00:00,  1.75it/s]
[2024-09-23 17:36] Prompt executed in 14.68 seconds
[2024-09-23 17:36] got prompt
[2024-09-23 17:37] 100%|███████████████████████████████████████████████████████████████████████████████████████████████████████████████████████████████████████████████████████| 25/25 [00:14<00:00,  2.20it/s]100%|███████████████████████████████████████████████████████████████████████████████████████████████████████████████████████████████████████████████████████| 25/25 [00:14<00:00,  1.73it/s]
[2024-09-23 17:37] Prompt executed in 14.85 seconds
[2024-09-23 17:37] got prompt
[2024-09-23 17:37] 100%|███████████████████████████████████████████████████████████████████████████████████████████████████████████████████████████████████████████████████████| 25/25 [00:14<00:00,  2.10it/s]100%|███████████████████████████████████████████████████████████████████████████████████████████████████████████████████████████████████████████████████████| 25/25 [00:14<00:00,  1.67it/s]
[2024-09-23 17:37] Prompt executed in 15.43 seconds
